Arguments: 
  /usr/bin/node /usr/share/yarn/bin/yarn.js install

PATH: 
  /usr/local/sbin:/usr/local/bin:/usr/sbin:/usr/bin:/sbin:/bin:/usr/games:/usr/local/games:/snap/bin

Yarn version: 
  1.7.0

Node version: 
  8.10.0

Platform: 
  linux x64

Trace: 
  Error: EACCES: permission denied, mkdir '/home/khalilof/Documents/pentasys/penta-scrum/node_modules/@angular/cli/node_modules/chalk'

npm manifest: 
  {
    "name": "angular-template",
    "description": "",
    "homepage": "https://stackblitz.com/edit/penta-scrum",
    "dependencies": {
      "@angular/animations": "6.0.5",
      "@angular/common": "6.0.5",
      "@angular/compiler": "6.0.5",
      "@angular/core": "6.0.5",
      "@angular/forms": "6.0.5",
      "@angular/http": "6.0.5",
      "@angular/platform-browser": "6.0.5",
      "@angular/platform-browser-dynamic": "6.0.5",
      "@angular/router": "6.0.5",
      "core-js": "2.5.7",
      "rxjs": "6.2.1",
      "zone.js": "0.8.26"
    },
    "version": "0.0.0",
    "license": "MIT",
    "scripts": {
      "ng": "ng",
      "start": "ng serve",
      "build": "ng build",
      "test": "ng test",
      "lint": "ng lint",
      "e2e": "ng e2e"
    },
    "private": true,
    "devDependencies": {
      "@angular/cli": "1.6.7",
      "@angular/compiler-cli": "^5.0.0",
      "@angular/language-service": "^5.0.0",
      "@types/jasmine": "~2.5.53",
      "@types/jasminewd2": "~2.0.2",
      "@types/node": "~6.0.60",
      "codelyzer": "~3.0.1",
      "jasmine-core": "~2.6.2",
      "jasmine-spec-reporter": "~4.1.0",
      "karma": "~1.7.0",
      "karma-chrome-launcher": "~2.1.1",
      "karma-cli": "~1.0.1",
      "karma-coverage-istanbul-reporter": "^1.2.1",
      "karma-jasmine": "~1.1.0",
      "karma-jasmine-html-reporter": "^0.2.2",
      "protractor": "~5.1.2",
      "ts-node": "~3.0.4",
      "tslint": "~5.3.2",
      "typescript": "~2.4.2"
    }
  }

yarn manifest: 
  No manifest

Lockfile: 
  No lockfile
